[2021-09-25 11:49:03.868] [info] Loaded model Rajagopal.v1 from file D:\RCNL\Repositories\nmsm-core\tests\core\Rajagopal_v1.osim
[2021-09-25 11:49:03.869] [warning] Couldn't find file 'r_pelvis.vtp'.
[2021-09-25 11:49:03.870] [warning] Couldn't find file 'l_pelvis.vtp'.
[2021-09-25 11:49:03.870] [warning] Couldn't find file 'sacrum.vtp'.
[2021-09-25 11:49:03.870] [warning] Couldn't find file 'r_femur.vtp'.
[2021-09-25 11:49:03.870] [warning] Couldn't find file 'r_tibia.vtp'.
[2021-09-25 11:49:03.870] [warning] Couldn't find file 'r_fibula.vtp'.
[2021-09-25 11:49:03.870] [warning] Couldn't find file 'r_patella.vtp'.
[2021-09-25 11:49:03.870] [warning] Couldn't find file 'r_talus.vtp'.
[2021-09-25 11:49:03.871] [warning] Couldn't find file 'r_foot.vtp'.
[2021-09-25 11:49:03.871] [warning] Couldn't find file 'r_bofoot.vtp'.
[2021-09-25 11:49:03.871] [warning] Couldn't find file 'l_femur.vtp'.
[2021-09-25 11:49:03.871] [warning] Couldn't find file 'l_tibia.vtp'.
[2021-09-25 11:49:03.872] [warning] Couldn't find file 'l_fibula.vtp'.
[2021-09-25 11:49:03.872] [warning] Couldn't find file 'l_patella.vtp'.
[2021-09-25 11:49:03.872] [warning] Couldn't find file 'l_talus.vtp'.
[2021-09-25 11:49:03.872] [warning] Couldn't find file 'l_foot.vtp'.
[2021-09-25 11:49:03.872] [warning] Couldn't find file 'l_bofoot.vtp'.
[2021-09-25 11:49:03.872] [warning] Couldn't find file 'hat_spine.vtp'.
[2021-09-25 11:49:03.872] [warning] Couldn't find file 'hat_jaw.vtp'.
[2021-09-25 11:49:03.872] [warning] Couldn't find file 'hat_skull.vtp'.
[2021-09-25 11:49:03.872] [warning] Couldn't find file 'hat_ribs_scap.vtp'.
[2021-09-25 11:49:03.873] [warning] Couldn't find file 'humerus_rv.vtp'.
[2021-09-25 11:49:03.873] [warning] Couldn't find file 'ulna_rv.vtp'.
[2021-09-25 11:49:03.873] [warning] Couldn't find file 'radius_rv.vtp'.
[2021-09-25 11:49:03.873] [warning] Couldn't find file 'pisiform_rvs.vtp'.
[2021-09-25 11:49:03.873] [warning] Couldn't find file 'lunate_rvs.vtp'.
[2021-09-25 11:49:03.873] [warning] Couldn't find file 'scaphoid_rvs.vtp'.
[2021-09-25 11:49:03.873] [warning] Couldn't find file 'triquetrum_rvs.vtp'.
[2021-09-25 11:49:03.873] [warning] Couldn't find file 'hamate_rvs.vtp'.
[2021-09-25 11:49:03.873] [warning] Couldn't find file 'capitate_rvs.vtp'.
[2021-09-25 11:49:03.873] [warning] Couldn't find file 'trapezoid_rvs.vtp'.
[2021-09-25 11:49:03.874] [warning] Couldn't find file 'trapezium_rvs.vtp'.
[2021-09-25 11:49:03.874] [warning] Couldn't find file 'metacarpal2_rvs.vtp'.
[2021-09-25 11:49:03.874] [warning] Couldn't find file 'index_proximal_rvs.vtp'.
[2021-09-25 11:49:03.874] [warning] Couldn't find file 'index_medial_rvs.vtp'.
[2021-09-25 11:49:03.874] [warning] Couldn't find file 'index_distal_rvs.vtp'.
[2021-09-25 11:49:03.874] [warning] Couldn't find file 'metacarpal3_rvs.vtp'.
[2021-09-25 11:49:03.874] [warning] Couldn't find file 'middle_proximal_rvs.vtp'.
[2021-09-25 11:49:03.874] [warning] Couldn't find file 'middle_medial_rvs.vtp'.
[2021-09-25 11:49:03.874] [warning] Couldn't find file 'middle_distal_rvs.vtp'.
[2021-09-25 11:49:03.874] [warning] Couldn't find file 'metacarpal4_rvs.vtp'.
[2021-09-25 11:49:03.875] [warning] Couldn't find file 'ring_proximal_rvs.vtp'.
[2021-09-25 11:49:03.875] [warning] Couldn't find file 'ring_medial_rvs.vtp'.
[2021-09-25 11:49:03.875] [warning] Couldn't find file 'ring_distal_rvs.vtp'.
[2021-09-25 11:49:03.875] [warning] Couldn't find file 'metacarpal5_rvs.vtp'.
[2021-09-25 11:49:03.875] [warning] Couldn't find file 'little_proximal_rvs.vtp'.
[2021-09-25 11:49:03.875] [warning] Couldn't find file 'little_medial_rvs.vtp'.
[2021-09-25 11:49:03.875] [warning] Couldn't find file 'little_distal_rvs.vtp'.
[2021-09-25 11:49:03.875] [warning] Couldn't find file 'metacarpal1_rvs.vtp'.
[2021-09-25 11:49:03.875] [warning] Couldn't find file 'thumb_proximal_rvs.vtp'.
[2021-09-25 11:49:03.875] [warning] Couldn't find file 'thumb_distal_rvs.vtp'.
[2021-09-25 11:49:03.876] [warning] Couldn't find file 'humerus_lv.vtp'.
[2021-09-25 11:49:03.876] [warning] Couldn't find file 'ulna_lv.vtp'.
[2021-09-25 11:49:03.876] [warning] Couldn't find file 'radius_lv.vtp'.
[2021-09-25 11:49:03.876] [warning] Couldn't find file 'pisiform_lvs.vtp'.
[2021-09-25 11:49:03.876] [warning] Couldn't find file 'lunate_lvs.vtp'.
[2021-09-25 11:49:03.876] [warning] Couldn't find file 'scaphoid_lvs.vtp'.
[2021-09-25 11:49:03.876] [warning] Couldn't find file 'triquetrum_lvs.vtp'.
[2021-09-25 11:49:03.876] [warning] Couldn't find file 'hamate_lvs.vtp'.
[2021-09-25 11:49:03.877] [warning] Couldn't find file 'capitate_lvs.vtp'.
[2021-09-25 11:49:03.877] [warning] Couldn't find file 'trapezoid_lvs.vtp'.
[2021-09-25 11:49:03.877] [warning] Couldn't find file 'trapezium_lvs.vtp'.
[2021-09-25 11:49:03.877] [warning] Couldn't find file 'metacarpal2_lvs.vtp'.
[2021-09-25 11:49:03.877] [warning] Couldn't find file 'index_proximal_lvs.vtp'.
[2021-09-25 11:49:03.877] [warning] Couldn't find file 'index_medial_lvs.vtp'.
[2021-09-25 11:49:03.877] [warning] Couldn't find file 'index_distal_lvs.vtp'.
[2021-09-25 11:49:03.877] [warning] Couldn't find file 'metacarpal3_lvs.vtp'.
[2021-09-25 11:49:03.877] [warning] Couldn't find file 'middle_proximal_lvs.vtp'.
[2021-09-25 11:49:03.878] [warning] Couldn't find file 'middle_medial_lvs.vtp'.
[2021-09-25 11:49:03.878] [warning] Couldn't find file 'middle_distal_lvs.vtp'.
[2021-09-25 11:49:03.878] [warning] Couldn't find file 'metacarpal4_lvs.vtp'.
[2021-09-25 11:49:03.878] [warning] Couldn't find file 'ring_proximal_lvs.vtp'.
[2021-09-25 11:49:03.878] [warning] Couldn't find file 'ring_medial_lvs.vtp'.
[2021-09-25 11:49:03.878] [warning] Couldn't find file 'ring_distal_lvs.vtp'.
[2021-09-25 11:49:03.878] [warning] Couldn't find file 'metacarpal5_lvs.vtp'.
[2021-09-25 11:49:03.878] [warning] Couldn't find file 'little_proximal_lvs.vtp'.
[2021-09-25 11:49:03.878] [warning] Couldn't find file 'little_medial_lvs.vtp'.
[2021-09-25 11:49:03.878] [warning] Couldn't find file 'little_distal_lvs.vtp'.
[2021-09-25 11:49:03.879] [warning] Couldn't find file 'metacarpal1_lvs.vtp'.
[2021-09-25 11:49:03.879] [warning] Couldn't find file 'thumb_proximal_lvs.vtp'.
[2021-09-25 11:49:03.879] [warning] Couldn't find file 'thumb_distal_lvs.vtp'.
[2021-09-25 11:49:41.212] [info] Loaded model Rajagopal.v1 from file D:\RCNL\Repositories\nmsm-core\tests\core\Rajagopal_v1.osim
[2021-09-25 11:49:41.213] [warning] Couldn't find file 'r_pelvis.vtp'.
[2021-09-25 11:49:41.213] [warning] Couldn't find file 'l_pelvis.vtp'.
[2021-09-25 11:49:41.213] [warning] Couldn't find file 'sacrum.vtp'.
[2021-09-25 11:49:41.214] [warning] Couldn't find file 'r_femur.vtp'.
[2021-09-25 11:49:41.214] [warning] Couldn't find file 'r_tibia.vtp'.
[2021-09-25 11:49:41.214] [warning] Couldn't find file 'r_fibula.vtp'.
[2021-09-25 11:49:41.214] [warning] Couldn't find file 'r_patella.vtp'.
[2021-09-25 11:49:41.214] [warning] Couldn't find file 'r_talus.vtp'.
[2021-09-25 11:49:41.214] [warning] Couldn't find file 'r_foot.vtp'.
[2021-09-25 11:49:41.214] [warning] Couldn't find file 'r_bofoot.vtp'.
[2021-09-25 11:49:41.214] [warning] Couldn't find file 'l_femur.vtp'.
[2021-09-25 11:49:41.214] [warning] Couldn't find file 'l_tibia.vtp'.
[2021-09-25 11:49:41.215] [warning] Couldn't find file 'l_fibula.vtp'.
[2021-09-25 11:49:41.215] [warning] Couldn't find file 'l_patella.vtp'.
[2021-09-25 11:49:41.215] [warning] Couldn't find file 'l_talus.vtp'.
[2021-09-25 11:49:41.215] [warning] Couldn't find file 'l_foot.vtp'.
[2021-09-25 11:49:41.215] [warning] Couldn't find file 'l_bofoot.vtp'.
[2021-09-25 11:49:41.215] [warning] Couldn't find file 'hat_spine.vtp'.
[2021-09-25 11:49:41.215] [warning] Couldn't find file 'hat_jaw.vtp'.
[2021-09-25 11:49:41.215] [warning] Couldn't find file 'hat_skull.vtp'.
[2021-09-25 11:49:41.215] [warning] Couldn't find file 'hat_ribs_scap.vtp'.
[2021-09-25 11:49:41.216] [warning] Couldn't find file 'humerus_rv.vtp'.
[2021-09-25 11:49:41.216] [warning] Couldn't find file 'ulna_rv.vtp'.
[2021-09-25 11:49:41.216] [warning] Couldn't find file 'radius_rv.vtp'.
[2021-09-25 11:49:41.216] [warning] Couldn't find file 'pisiform_rvs.vtp'.
[2021-09-25 11:49:41.216] [warning] Couldn't find file 'lunate_rvs.vtp'.
[2021-09-25 11:49:41.216] [warning] Couldn't find file 'scaphoid_rvs.vtp'.
[2021-09-25 11:49:41.216] [warning] Couldn't find file 'triquetrum_rvs.vtp'.
[2021-09-25 11:49:41.216] [warning] Couldn't find file 'hamate_rvs.vtp'.
[2021-09-25 11:49:41.217] [warning] Couldn't find file 'capitate_rvs.vtp'.
[2021-09-25 11:49:41.217] [warning] Couldn't find file 'trapezoid_rvs.vtp'.
[2021-09-25 11:49:41.217] [warning] Couldn't find file 'trapezium_rvs.vtp'.
[2021-09-25 11:49:41.217] [warning] Couldn't find file 'metacarpal2_rvs.vtp'.
[2021-09-25 11:49:41.217] [warning] Couldn't find file 'index_proximal_rvs.vtp'.
[2021-09-25 11:49:41.217] [warning] Couldn't find file 'index_medial_rvs.vtp'.
[2021-09-25 11:49:41.217] [warning] Couldn't find file 'index_distal_rvs.vtp'.
[2021-09-25 11:49:41.217] [warning] Couldn't find file 'metacarpal3_rvs.vtp'.
[2021-09-25 11:49:41.217] [warning] Couldn't find file 'middle_proximal_rvs.vtp'.
[2021-09-25 11:49:41.218] [warning] Couldn't find file 'middle_medial_rvs.vtp'.
[2021-09-25 11:49:41.218] [warning] Couldn't find file 'middle_distal_rvs.vtp'.
[2021-09-25 11:49:41.218] [warning] Couldn't find file 'metacarpal4_rvs.vtp'.
[2021-09-25 11:49:41.218] [warning] Couldn't find file 'ring_proximal_rvs.vtp'.
[2021-09-25 11:49:41.218] [warning] Couldn't find file 'ring_medial_rvs.vtp'.
[2021-09-25 11:49:41.218] [warning] Couldn't find file 'ring_distal_rvs.vtp'.
[2021-09-25 11:49:41.218] [warning] Couldn't find file 'metacarpal5_rvs.vtp'.
[2021-09-25 11:49:41.218] [warning] Couldn't find file 'little_proximal_rvs.vtp'.
[2021-09-25 11:49:41.218] [warning] Couldn't find file 'little_medial_rvs.vtp'.
[2021-09-25 11:49:41.218] [warning] Couldn't find file 'little_distal_rvs.vtp'.
[2021-09-25 11:49:41.218] [warning] Couldn't find file 'metacarpal1_rvs.vtp'.
[2021-09-25 11:49:41.219] [warning] Couldn't find file 'thumb_proximal_rvs.vtp'.
[2021-09-25 11:49:41.219] [warning] Couldn't find file 'thumb_distal_rvs.vtp'.
[2021-09-25 11:49:41.219] [warning] Couldn't find file 'humerus_lv.vtp'.
[2021-09-25 11:49:41.219] [warning] Couldn't find file 'ulna_lv.vtp'.
[2021-09-25 11:49:41.219] [warning] Couldn't find file 'radius_lv.vtp'.
[2021-09-25 11:49:41.219] [warning] Couldn't find file 'pisiform_lvs.vtp'.
[2021-09-25 11:49:41.219] [warning] Couldn't find file 'lunate_lvs.vtp'.
[2021-09-25 11:49:41.219] [warning] Couldn't find file 'scaphoid_lvs.vtp'.
[2021-09-25 11:49:41.219] [warning] Couldn't find file 'triquetrum_lvs.vtp'.
[2021-09-25 11:49:41.219] [warning] Couldn't find file 'hamate_lvs.vtp'.
[2021-09-25 11:49:41.220] [warning] Couldn't find file 'capitate_lvs.vtp'.
[2021-09-25 11:49:41.220] [warning] Couldn't find file 'trapezoid_lvs.vtp'.
[2021-09-25 11:49:41.220] [warning] Couldn't find file 'trapezium_lvs.vtp'.
[2021-09-25 11:49:41.220] [warning] Couldn't find file 'metacarpal2_lvs.vtp'.
[2021-09-25 11:49:41.220] [warning] Couldn't find file 'index_proximal_lvs.vtp'.
[2021-09-25 11:49:41.220] [warning] Couldn't find file 'index_medial_lvs.vtp'.
[2021-09-25 11:49:41.220] [warning] Couldn't find file 'index_distal_lvs.vtp'.
[2021-09-25 11:49:41.220] [warning] Couldn't find file 'metacarpal3_lvs.vtp'.
[2021-09-25 11:49:41.220] [warning] Couldn't find file 'middle_proximal_lvs.vtp'.
[2021-09-25 11:49:41.220] [warning] Couldn't find file 'middle_medial_lvs.vtp'.
[2021-09-25 11:49:41.221] [warning] Couldn't find file 'middle_distal_lvs.vtp'.
[2021-09-25 11:49:41.221] [warning] Couldn't find file 'metacarpal4_lvs.vtp'.
[2021-09-25 11:49:41.221] [warning] Couldn't find file 'ring_proximal_lvs.vtp'.
[2021-09-25 11:49:41.221] [warning] Couldn't find file 'ring_medial_lvs.vtp'.
[2021-09-25 11:49:41.221] [warning] Couldn't find file 'ring_distal_lvs.vtp'.
[2021-09-25 11:49:41.221] [warning] Couldn't find file 'metacarpal5_lvs.vtp'.
[2021-09-25 11:49:41.221] [warning] Couldn't find file 'little_proximal_lvs.vtp'.
[2021-09-25 11:49:41.222] [warning] Couldn't find file 'little_medial_lvs.vtp'.
[2021-09-25 11:49:41.222] [warning] Couldn't find file 'little_distal_lvs.vtp'.
[2021-09-25 11:49:41.222] [warning] Couldn't find file 'metacarpal1_lvs.vtp'.
[2021-09-25 11:49:41.222] [warning] Couldn't find file 'thumb_proximal_lvs.vtp'.
[2021-09-25 11:49:41.222] [warning] Couldn't find file 'thumb_distal_lvs.vtp'.
[2021-09-25 12:05:33.642] [info] Loaded model Rajagopal.v1 from file Rajagopal_v1.osim
[2021-09-25 12:05:33.643] [warning] Couldn't find file 'r_pelvis.vtp'.
[2021-09-25 12:05:33.643] [warning] Couldn't find file 'l_pelvis.vtp'.
[2021-09-25 12:05:33.643] [warning] Couldn't find file 'sacrum.vtp'.
[2021-09-25 12:05:33.643] [warning] Couldn't find file 'r_femur.vtp'.
[2021-09-25 12:05:33.643] [warning] Couldn't find file 'r_tibia.vtp'.
[2021-09-25 12:05:33.644] [warning] Couldn't find file 'r_fibula.vtp'.
[2021-09-25 12:05:33.644] [warning] Couldn't find file 'r_patella.vtp'.
[2021-09-25 12:05:33.644] [warning] Couldn't find file 'r_talus.vtp'.
[2021-09-25 12:05:33.644] [warning] Couldn't find file 'r_foot.vtp'.
[2021-09-25 12:05:33.644] [warning] Couldn't find file 'r_bofoot.vtp'.
[2021-09-25 12:05:33.644] [warning] Couldn't find file 'l_femur.vtp'.
[2021-09-25 12:05:33.644] [warning] Couldn't find file 'l_tibia.vtp'.
[2021-09-25 12:05:33.644] [warning] Couldn't find file 'l_fibula.vtp'.
[2021-09-25 12:05:33.644] [warning] Couldn't find file 'l_patella.vtp'.
[2021-09-25 12:05:33.645] [warning] Couldn't find file 'l_talus.vtp'.
[2021-09-25 12:05:33.645] [warning] Couldn't find file 'l_foot.vtp'.
[2021-09-25 12:05:33.645] [warning] Couldn't find file 'l_bofoot.vtp'.
[2021-09-25 12:05:33.645] [warning] Couldn't find file 'hat_spine.vtp'.
[2021-09-25 12:05:33.645] [warning] Couldn't find file 'hat_jaw.vtp'.
[2021-09-25 12:05:33.645] [warning] Couldn't find file 'hat_skull.vtp'.
[2021-09-25 12:05:33.645] [warning] Couldn't find file 'hat_ribs_scap.vtp'.
[2021-09-25 12:05:33.645] [warning] Couldn't find file 'humerus_rv.vtp'.
[2021-09-25 12:05:33.645] [warning] Couldn't find file 'ulna_rv.vtp'.
[2021-09-25 12:05:33.645] [warning] Couldn't find file 'radius_rv.vtp'.
[2021-09-25 12:05:33.646] [warning] Couldn't find file 'pisiform_rvs.vtp'.
[2021-09-25 12:05:33.646] [warning] Couldn't find file 'lunate_rvs.vtp'.
[2021-09-25 12:05:33.646] [warning] Couldn't find file 'scaphoid_rvs.vtp'.
[2021-09-25 12:05:33.646] [warning] Couldn't find file 'triquetrum_rvs.vtp'.
[2021-09-25 12:05:33.646] [warning] Couldn't find file 'hamate_rvs.vtp'.
[2021-09-25 12:05:33.646] [warning] Couldn't find file 'capitate_rvs.vtp'.
[2021-09-25 12:05:33.646] [warning] Couldn't find file 'trapezoid_rvs.vtp'.
[2021-09-25 12:05:33.646] [warning] Couldn't find file 'trapezium_rvs.vtp'.
[2021-09-25 12:05:33.646] [warning] Couldn't find file 'metacarpal2_rvs.vtp'.
[2021-09-25 12:05:33.646] [warning] Couldn't find file 'index_proximal_rvs.vtp'.
[2021-09-25 12:05:33.647] [warning] Couldn't find file 'index_medial_rvs.vtp'.
[2021-09-25 12:05:33.647] [warning] Couldn't find file 'index_distal_rvs.vtp'.
[2021-09-25 12:05:33.647] [warning] Couldn't find file 'metacarpal3_rvs.vtp'.
[2021-09-25 12:05:33.647] [warning] Couldn't find file 'middle_proximal_rvs.vtp'.
[2021-09-25 12:05:33.647] [warning] Couldn't find file 'middle_medial_rvs.vtp'.
[2021-09-25 12:05:33.647] [warning] Couldn't find file 'middle_distal_rvs.vtp'.
[2021-09-25 12:05:33.647] [warning] Couldn't find file 'metacarpal4_rvs.vtp'.
[2021-09-25 12:05:33.647] [warning] Couldn't find file 'ring_proximal_rvs.vtp'.
[2021-09-25 12:05:33.647] [warning] Couldn't find file 'ring_medial_rvs.vtp'.
[2021-09-25 12:05:33.647] [warning] Couldn't find file 'ring_distal_rvs.vtp'.
[2021-09-25 12:05:33.648] [warning] Couldn't find file 'metacarpal5_rvs.vtp'.
[2021-09-25 12:05:33.648] [warning] Couldn't find file 'little_proximal_rvs.vtp'.
[2021-09-25 12:05:33.648] [warning] Couldn't find file 'little_medial_rvs.vtp'.
[2021-09-25 12:05:33.648] [warning] Couldn't find file 'little_distal_rvs.vtp'.
[2021-09-25 12:05:33.648] [warning] Couldn't find file 'metacarpal1_rvs.vtp'.
[2021-09-25 12:05:33.648] [warning] Couldn't find file 'thumb_proximal_rvs.vtp'.
[2021-09-25 12:05:33.648] [warning] Couldn't find file 'thumb_distal_rvs.vtp'.
[2021-09-25 12:05:33.649] [warning] Couldn't find file 'humerus_lv.vtp'.
[2021-09-25 12:05:33.649] [warning] Couldn't find file 'ulna_lv.vtp'.
[2021-09-25 12:05:33.649] [warning] Couldn't find file 'radius_lv.vtp'.
[2021-09-25 12:05:33.649] [warning] Couldn't find file 'pisiform_lvs.vtp'.
[2021-09-25 12:05:33.649] [warning] Couldn't find file 'lunate_lvs.vtp'.
[2021-09-25 12:05:33.649] [warning] Couldn't find file 'scaphoid_lvs.vtp'.
[2021-09-25 12:05:33.649] [warning] Couldn't find file 'triquetrum_lvs.vtp'.
[2021-09-25 12:05:33.649] [warning] Couldn't find file 'hamate_lvs.vtp'.
[2021-09-25 12:05:33.649] [warning] Couldn't find file 'capitate_lvs.vtp'.
[2021-09-25 12:05:33.649] [warning] Couldn't find file 'trapezoid_lvs.vtp'.
[2021-09-25 12:05:33.649] [warning] Couldn't find file 'trapezium_lvs.vtp'.
[2021-09-25 12:05:33.650] [warning] Couldn't find file 'metacarpal2_lvs.vtp'.
[2021-09-25 12:05:33.650] [warning] Couldn't find file 'index_proximal_lvs.vtp'.
[2021-09-25 12:05:33.650] [warning] Couldn't find file 'index_medial_lvs.vtp'.
[2021-09-25 12:05:33.650] [warning] Couldn't find file 'index_distal_lvs.vtp'.
[2021-09-25 12:05:33.650] [warning] Couldn't find file 'metacarpal3_lvs.vtp'.
[2021-09-25 12:05:33.650] [warning] Couldn't find file 'middle_proximal_lvs.vtp'.
[2021-09-25 12:05:33.650] [warning] Couldn't find file 'middle_medial_lvs.vtp'.
[2021-09-25 12:05:33.650] [warning] Couldn't find file 'middle_distal_lvs.vtp'.
[2021-09-25 12:05:33.650] [warning] Couldn't find file 'metacarpal4_lvs.vtp'.
[2021-09-25 12:05:33.650] [warning] Couldn't find file 'ring_proximal_lvs.vtp'.
[2021-09-25 12:05:33.651] [warning] Couldn't find file 'ring_medial_lvs.vtp'.
[2021-09-25 12:05:33.651] [warning] Couldn't find file 'ring_distal_lvs.vtp'.
[2021-09-25 12:05:33.651] [warning] Couldn't find file 'metacarpal5_lvs.vtp'.
[2021-09-25 12:05:33.651] [warning] Couldn't find file 'little_proximal_lvs.vtp'.
[2021-09-25 12:05:33.651] [warning] Couldn't find file 'little_medial_lvs.vtp'.
[2021-09-25 12:05:33.651] [warning] Couldn't find file 'little_distal_lvs.vtp'.
[2021-09-25 12:05:33.651] [warning] Couldn't find file 'metacarpal1_lvs.vtp'.
[2021-09-25 12:05:33.651] [warning] Couldn't find file 'thumb_proximal_lvs.vtp'.
[2021-09-25 12:05:33.651] [warning] Couldn't find file 'thumb_distal_lvs.vtp'.
